New log file opened at Thu May 19 21:18:24 IST 2016 by 4651@Apoorvs-MacBook-Pro.local
Taking next connection to: 50472
New client attempting to connect on port: 50473-50472
  Address = /192.168.0.101:50472
This client on port 50473 has uuid aadee3a3-177f-4442-95e8-349e11b30ec8 configName activator humanReadableName Activator protocolVersion 3 featureTags Vector()
Connected Clients: activator-aadee3a3-177f-4442-95e8-349e11b30ec8
Taking next connection to: 50472
New client attempting to connect on port: 50494-50472
  Address = /192.168.0.101:50472
Handshake exception on socket: 50494
sbt.impl.ipc.HandshakeException: Unable to perform handshake
	at sbt.impl.ipc.Peer.handshake(IPC.scala:46)
	at sbt.impl.ipc.MultiClientServer.<init>(IPC.scala:150)
	at sbt.server.SbtServerSocketHandler$$anon$1.run(SbtServerSocketHandler.scala:43)
Caused by: java.io.EOFException
	at java.io.DataInputStream.readInt(DataInputStream.java:392)
	at sbt.impl.ipc.Peer.receive(IPC.scala:95)
	at sbt.impl.ipc.Peer.handshake(IPC.scala:49)
	... 2 more
Taking next connection to: 50472
New client attempting to connect on port: 50495-50472
  Address = /192.168.0.101:50472
This client on port 50495 has uuid 67065769-246a-4742-a464-3d35ef3b626e configName play-fork-run humanReadableName Play Fork Run protocolVersion 1 featureTags Vector()
Connected Clients: activator-aadee3a3-177f-4442-95e8-349e11b30ec8, play-fork-run-67065769-246a-4742-a464-3d35ef3b626e
Taking next connection to: 50472
Checking to see if clients are empty...
We have 1 non-daemon clients, continuing serving connections.
Taking next connection to: 50472
Checking to see if clients are empty...
We have 1 non-daemon clients, continuing serving connections.
Taking next connection to: 50472
Checking to see if clients are empty...
We have 1 non-daemon clients, continuing serving connections.
Taking next connection to: 50472
Checking to see if clients are empty...
We have 1 non-daemon clients, continuing serving connections.
Taking next connection to: 50472
Checking to see if clients are empty...
We have 1 non-daemon clients, continuing serving connections.
Taking next connection to: 50472
Checking to see if clients are empty...
We have 1 non-daemon clients, continuing serving connections.
Taking next connection to: 50472
