New log file opened at Thu May 19 20:50:26 IST 2016 by 4304@Apoorvs-MacBook-Pro.local
jvm 4304@Apoorvs-MacBook-Pro.local
jvm vmName=Java HotSpot(TM) 64-Bit Server VM vmVendor=Oracle Corporation vmVersion=25.60-b23
jvm specName=Java Virtual Machine Specification specVendor=Oracle Corporation specVersion=1.8
jvm arguments: [-Xms256m, -Xmx1024m, -XX:MetaspaceSize=64m, -XX:MaxMetaspaceSize=256m]
Starting event engine
Starting sbt command engine
Command engine arguments=List()
Command engine baseDirectory=/Users/apoorv/Downloads/activator-dist-1.3.10/bin/bankapi
Waiting for sbt command engine
Command engine initial remaining commands List(--initialize, onFailure load-failed, boot, server-send-ready-for-request, server-handle-next-server-request)
> --initialize
> initialize
> onFailure load-failed
> boot
> reload
[Loading] Scanning directory /Users/apoorv/Downloads/activator-dist-1.3.10/bin/bankapi/project
[Loading] Found non-root projects 
[Loading] Done in /Users/apoorv/Downloads/activator-dist-1.3.10/bin/bankapi/project, returning: ()
deducing auto plugins based on known facts Set(Atom(sbt.plugins.CorePlugin)) and clauses Clauses(List(Clause(Atom(sbt.plugins.JvmPlugin),Set(Atom(sbt.plugins.IvyPlugin))), Clause(Atom(sbt.plugins.JUnitXmlReportPlugin),Set(Atom(sbt.plugins.JvmPlugin))), Clause(Atom(sbt.plugins.CorePlugin),Set(Atom(sbt.plugins.IvyPlugin))), Clause(Atom(sbt.plugins.IvyPlugin),Set(Atom(sbt.plugins.JvmPlugin))), Clause(Atom(sbt.plugins.JvmPlugin),Set(Atom(sbt.plugins.JUnitXmlReportPlugin)))))
  :: deduced result: Matched(sbt.plugins.CorePlugin,sbt.plugins.IvyPlugin,sbt.plugins.JvmPlugin,sbt.plugins.JUnitXmlReportPlugin)
sorting: ns: List(sbt.plugins.CorePlugin, sbt.plugins.IvyPlugin, sbt.plugins.JvmPlugin, sbt.plugins.JUnitXmlReportPlugin)
  :: sorting:: found: List(sbt.plugins.CorePlugin) not found List(sbt.plugins.IvyPlugin, sbt.plugins.JvmPlugin, sbt.plugins.JUnitXmlReportPlugin)
  :: sorting:: found: List(sbt.plugins.CorePlugin, sbt.plugins.IvyPlugin) not found List(sbt.plugins.JvmPlugin, sbt.plugins.JUnitXmlReportPlugin)
  :: sorting:: found: List(sbt.plugins.CorePlugin, sbt.plugins.IvyPlugin, sbt.plugins.JvmPlugin) not found List(sbt.plugins.JUnitXmlReportPlugin)
  :: sorting:: found: List(sbt.plugins.CorePlugin, sbt.plugins.IvyPlugin, sbt.plugins.JvmPlugin, sbt.plugins.JUnitXmlReportPlugin) not found List()
  :: sorted deduced result: List(sbt.plugins.CorePlugin, sbt.plugins.IvyPlugin, sbt.plugins.JvmPlugin, sbt.plugins.JUnitXmlReportPlugin)
[Loading] Done in /Users/apoorv/Downloads/activator-dist-1.3.10/bin/bankapi/project, returning: (bankapi-build)
Loading project definition from /Users/apoorv/Downloads/activator-dist-1.3.10/bin/bankapi/project
Running task... Cancel: sbt.TaskCancellationStrategy$Null$@3907bbfb, check cycles: false

Initial source changes: 
	removed:Set()
	added: Set()
	modified: Set()
Removed products: Set()
External API changes: API Changes: Set()
Modified binary dependencies: Set()
Initial directly invalidated sources: Set()

Sources indirectly invalidated by:
	product: Set()
	binary dep: Set()
	external source: Set()
All initially invalidated sources: Set()

Copy resource mappings: 
	
[Loading] Scanning directory /Users/apoorv/Downloads/activator-dist-1.3.10/bin/bankapi
[Loading] Found root project root w/ remaining 
deducing auto plugins based on known facts Set(Atom(play.sbt.PlayJava), Atom(sbt.plugins.CorePlugin)) and clauses Clauses(List(Clause(Atom(sbt.plugins.JvmPlugin),Set(Atom(sbt.plugins.IvyPlugin))), Clause(Atom(sbt.plugins.JUnitXmlReportPlugin),Set(Atom(sbt.plugins.JvmPlugin))), Clause(Atom(play.sbt.forkrun.PlayForkRun),Set(Atom(sbt.plugins.BackgroundRunPlugin))), Clause(Atom(play.sbt.forkrun.PlayForkRun),Set(Atom(play.sbt.Play))), Clause(Atom(play.sbt.forkrun.PlayForkRun),Set(Atom(sbt.plugins.SerializersPlugin))), Clause(Atom(play.sbt.Play),Set(Atom(com.typesafe.sbt.packager.archetypes.JavaServerAppPackaging))), Clause(Atom(play.sbt.Play),Set(Atom(play.sbt.routes.RoutesCompiler))), Clause(Atom(play.sbt.Play),Set(Atom(play.twirl.sbt.SbtTwirl))), Clause(Atom(play.sbt.Play),Set(Atom(com.typesafe.sbt.jse.SbtJsTask))), Clause(Atom(play.sbt.PlayAkkaHttpServer),Set(Atom(play.sbt.Play))), Clause(Atom(play.sbt.PlayJava),Set(Atom(play.sbt.Play))), Clause(Atom(play.sbt.PlayLayoutPlugin),Set(Atom(play.sbt.Play))), Clause(Atom(play.sbt.PlayLogback),Set(Atom(play.sbt.Play))), Clause(Atom(play.sbt.PlayNettyServer),Set(Atom(play.sbt.Play))), Clause(Atom(play.sbt.PlayScala),Set(Atom(play.sbt.Play))), Clause(Atom(play.sbt.routes.RoutesCompiler),Set(Atom(sbt.plugins.JvmPlugin))), Clause(Atom(play.twirl.sbt.SbtTwirl),Set(Atom(sbt.plugins.JvmPlugin))), Clause(Atom(com.typesafe.sbt.packager.archetypes.AkkaAppPackaging),Set(Atom(com.typesafe.sbt.packager.archetypes.JavaAppPackaging))), Clause(Atom(com.typesafe.sbt.packager.archetypes.JavaAppPackaging),Set(Atom(com.typesafe.sbt.packager.windows.WindowsPlugin))), Clause(Atom(com.typesafe.sbt.packager.archetypes.JavaAppPackaging),Set(Atom(com.typesafe.sbt.packager.docker.DockerPlugin))), Clause(Atom(com.typesafe.sbt.packager.archetypes.JavaAppPackaging),Set(Atom(com.typesafe.sbt.packager.debian.DebianPlugin))), Clause(Atom(com.typesafe.sbt.packager.archetypes.JavaAppPackaging),Set(Atom(com.typesafe.sbt.packager.rpm.RpmPlugin))), Clause(Atom(com.typesafe.sbt.packager.archetypes.JavaServerAppPackaging),Set(Atom(com.typesafe.sbt.packager.archetypes.JavaAppPackaging))), Clause(Atom(com.typesafe.sbt.packager.archetypes.jar.ClasspathJarPlugin),Set(Atom(com.typesafe.sbt.packager.archetypes.JavaAppPackaging))), Clause(Atom(com.typesafe.sbt.packager.archetypes.jar.LauncherJarPlugin),Set(Atom(com.typesafe.sbt.packager.archetypes.JavaAppPackaging))), Clause(Atom(com.typesafe.sbt.packager.debian.DebianDeployPlugin),Set(Atom(com.typesafe.sbt.packager.debian.DebianPlugin))), Clause(Atom(com.typesafe.sbt.packager.debian.DebianPlugin),Set(Atom(com.typesafe.sbt.packager.linux.LinuxPlugin))), Clause(Atom(com.typesafe.sbt.packager.debian.JDebPackaging),Set(Atom(com.typesafe.sbt.packager.debian.DebianPlugin))), Clause(Atom(com.typesafe.sbt.packager.docker.DockerPlugin),Set(Atom(com.typesafe.sbt.packager.universal.UniversalPlugin))), Clause(Atom(com.typesafe.sbt.packager.jdkpackager.JDKPackagerDeployPlugin),Set(Atom(com.typesafe.sbt.packager.jdkpackager.JDKPackagerPlugin))), Clause(Atom(com.typesafe.sbt.packager.jdkpackager.JDKPackagerPlugin),Set(Atom(com.typesafe.sbt.packager.archetypes.JavaAppPackaging))), Clause(Atom(com.typesafe.sbt.packager.jdkpackager.JDKPackagerPlugin),Set(Atom(com.typesafe.sbt.packager.archetypes.jar.LauncherJarPlugin))), Clause(Atom(com.typesafe.sbt.packager.linux.LinuxPlugin),Set(Atom(com.typesafe.sbt.packager.universal.UniversalPlugin))), Clause(Atom(com.typesafe.sbt.packager.rpm.RpmDeployPlugin),Set(Atom(com.typesafe.sbt.packager.rpm.RpmPlugin))), Clause(Atom(com.typesafe.sbt.packager.rpm.RpmPlugin),Set(Atom(com.typesafe.sbt.packager.linux.LinuxPlugin))), Clause(Atom(com.typesafe.sbt.packager.universal.UniversalDeployPlugin),Set(Atom(com.typesafe.sbt.packager.universal.UniversalPlugin))), Clause(Atom(com.typesafe.sbt.packager.universal.UniversalPlugin),Set(Atom(com.typesafe.sbt.SbtNativePackager))), Clause(Atom(com.typesafe.sbt.packager.windows.WindowsDeployPlugin),Set(Atom(com.typesafe.sbt.packager.windows.WindowsPlugin))), Clause(Atom(com.typesafe.sbt.packager.windows.WindowsPlugin),Set(Atom(com.typesafe.sbt.packager.universal.UniversalPlugin))), Clause(Atom(com.typesafe.sbt.web.SbtWeb),Set(Atom(sbt.plugins.JvmPlugin))), Clause(Atom(com.typesafe.sbt.jse.SbtJsEngine),Set(Atom(com.typesafe.sbt.web.SbtWeb))), Clause(Atom(com.typesafe.sbt.jse.SbtJsTask),Set(Atom(com.typesafe.sbt.jse.SbtJsEngine))), Clause(Atom(sbt.plugins.BackgroundRunPlugin),Set(Atom(sbt.plugins.JvmPlugin))), Clause(Atom(com.typesafe.sbt.coffeescript.SbtCoffeeScript),Set(Atom(com.typesafe.sbt.jse.SbtJsTask))), Clause(Atom(com.typesafe.sbt.less.SbtLess),Set(Atom(com.typesafe.sbt.jse.SbtJsTask))), Clause(Atom(com.typesafe.sbt.jshint.SbtJSHint),Set(Atom(com.typesafe.sbt.jse.SbtJsTask))), Clause(Atom(com.typesafe.sbt.rjs.SbtRjs),Set(Atom(com.typesafe.sbt.jse.SbtJsTask))), Clause(Atom(com.typesafe.sbt.digest.SbtDigest),Set(Atom(com.typesafe.sbt.web.SbtWeb))), Clause(Atom(com.typesafe.sbt.mocha.SbtMocha),Set(Atom(com.typesafe.sbt.jse.SbtJsTask))), Clause(Atom(org.irundaia.sbt.sass.SbtSassify),Set(Atom(com.typesafe.sbt.web.SbtWeb))), Clause(Atom(play.ebean.sbt.PlayEbean),Set(Atom(com.typesafe.play.sbt.enhancer.PlayEnhancer))), Clause(Atom(com.typesafe.play.sbt.enhancer.PlayEnhancer),Set(Atom(sbt.plugins.JvmPlugin))), Clause(Atom(sbt.plugins.CorePlugin),Set(Atom(sbt.plugins.IvyPlugin))), Clause(Atom(sbt.plugins.IvyPlugin),Set(Atom(sbt.plugins.JvmPlugin))), Clause(Atom(sbt.plugins.JvmPlugin),Set(Atom(sbt.plugins.JUnitXmlReportPlugin))), Clause(And(Set(Atom(sbt.plugins.BackgroundRunPlugin), Atom(play.sbt.Play), Atom(sbt.plugins.SerializersPlugin))),Set(Atom(play.sbt.forkrun.PlayForkRun))), Clause(Atom(play.sbt.Play),Set(Atom(play.sbt.PlayLayoutPlugin))), Clause(Atom(play.sbt.Play),Set(Atom(play.sbt.PlayLogback))), Clause(Atom(play.sbt.Play),Set(Atom(play.sbt.PlayNettyServer))), Clause(Atom(com.typesafe.sbt.web.SbtWeb),Set(Atom(com.typesafe.sbt.jse.SbtJsEngine))), Clause(Atom(com.typesafe.sbt.jse.SbtJsEngine),Set(Atom(com.typesafe.sbt.jse.SbtJsTask))), Clause(Atom(sbt.plugins.JvmPlugin),Set(Atom(sbt.plugins.BackgroundRunPlugin))), Clause(Atom(sbt.plugins.CorePlugin),Set(Atom(sbt.plugins.InteractionServicePlugin))), Clause(Atom(sbt.plugins.CorePlugin),Set(Atom(sbt.plugins.SendEventServicePlugin))), Clause(Atom(sbt.plugins.CorePlugin),Set(Atom(sbt.plugins.SerializersPlugin))), Clause(Atom(com.typesafe.sbt.jse.SbtJsTask),Set(Atom(com.typesafe.sbt.coffeescript.SbtCoffeeScript))), Clause(Atom(com.typesafe.sbt.jse.SbtJsTask),Set(Atom(com.typesafe.sbt.less.SbtLess))), Clause(Atom(com.typesafe.sbt.jse.SbtJsTask),Set(Atom(com.typesafe.sbt.jshint.SbtJSHint))), Clause(Atom(com.typesafe.sbt.jse.SbtJsTask),Set(Atom(com.typesafe.sbt.rjs.SbtRjs))), Clause(Atom(com.typesafe.sbt.web.SbtWeb),Set(Atom(com.typesafe.sbt.digest.SbtDigest))), Clause(Atom(com.typesafe.sbt.jse.SbtJsTask),Set(Atom(com.typesafe.sbt.mocha.SbtMocha))), Clause(Atom(com.typesafe.sbt.web.SbtWeb),Set(Atom(org.irundaia.sbt.sass.SbtSassify))), Clause(Atom(sbt.plugins.JvmPlugin),Set(Atom(com.typesafe.play.sbt.enhancer.PlayEnhancer)))))
  :: deduced result: Matched(sbt.plugins.CorePlugin,play.sbt.PlayJava,sbt.plugins.InteractionServicePlugin,sbt.plugins.SendEventServicePlugin,play.sbt.Play,sbt.plugins.SerializersPlugin,sbt.plugins.IvyPlugin,com.typesafe.sbt.packager.archetypes.JavaServerAppPackaging,play.twirl.sbt.SbtTwirl,sbt.plugins.JvmPlugin,play.sbt.PlayNettyServer,play.sbt.PlayLayoutPlugin,play.sbt.routes.RoutesCompiler,play.sbt.PlayLogback,com.typesafe.sbt.jse.SbtJsTask,com.typesafe.sbt.jshint.SbtJSHint,com.typesafe.play.sbt.enhancer.PlayEnhancer,com.typesafe.sbt.packager.archetypes.JavaAppPackaging,sbt.plugins.JUnitXmlReportPlugin,com.typesafe.sbt.mocha.SbtMocha,com.typesafe.sbt.less.SbtLess,com.typesafe.sbt.rjs.SbtRjs,com.typesafe.sbt.jse.SbtJsEngine,com.typesafe.sbt.coffeescript.SbtCoffeeScript,sbt.plugins.BackgroundRunPlugin,com.typesafe.sbt.packager.rpm.RpmPlugin,com.typesafe.sbt.packager.windows.WindowsPlugin,com.typesafe.sbt.web.SbtWeb,com.typesafe.sbt.packager.docker.DockerPlugin,play.sbt.forkrun.PlayForkRun,com.typesafe.sbt.packager.debian.DebianPlugin,org.irundaia.sbt.sass.SbtSassify,com.typesafe.sbt.digest.SbtDigest,com.typesafe.sbt.packager.universal.UniversalPlugin,com.typesafe.sbt.packager.linux.LinuxPlugin,com.typesafe.sbt.SbtNativePackager)
sorting: ns: List(sbt.plugins.CorePlugin, play.sbt.PlayJava, sbt.plugins.InteractionServicePlugin, sbt.plugins.SendEventServicePlugin, play.sbt.Play, sbt.plugins.SerializersPlugin, sbt.plugins.IvyPlugin, com.typesafe.sbt.packager.archetypes.JavaServerAppPackaging, play.twirl.sbt.SbtTwirl, sbt.plugins.JvmPlugin, play.sbt.PlayNettyServer, play.sbt.PlayLayoutPlugin, play.sbt.routes.RoutesCompiler, play.sbt.PlayLogback, com.typesafe.sbt.jse.SbtJsTask, com.typesafe.sbt.jshint.SbtJSHint, com.typesafe.play.sbt.enhancer.PlayEnhancer, com.typesafe.sbt.packager.archetypes.JavaAppPackaging, sbt.plugins.JUnitXmlReportPlugin, com.typesafe.sbt.mocha.SbtMocha, com.typesafe.sbt.less.SbtLess, com.typesafe.sbt.rjs.SbtRjs, com.typesafe.sbt.jse.SbtJsEngine, com.typesafe.sbt.coffeescript.SbtCoffeeScript, sbt.plugins.BackgroundRunPlugin, com.typesafe.sbt.packager.rpm.RpmPlugin, com.typesafe.sbt.packager.windows.WindowsPlugin, com.typesafe.sbt.web.SbtWeb, com.typesafe.sbt.packager.docker.DockerPlugin, play.sbt.forkrun.PlayForkRun, com.typesafe.sbt.packager.debian.DebianPlugin, org.irundaia.sbt.sass.SbtSassify, com.typesafe.sbt.digest.SbtDigest, com.typesafe.sbt.packager.universal.UniversalPlugin, com.typesafe.sbt.packager.linux.LinuxPlugin, com.typesafe.sbt.SbtNativePackager)
  :: sorting:: found: List(sbt.plugins.CorePlugin, com.typesafe.sbt.SbtNativePackager) not found List(play.sbt.PlayJava, sbt.plugins.InteractionServicePlugin, sbt.plugins.SendEventServicePlugin, play.sbt.Play, sbt.plugins.SerializersPlugin, sbt.plugins.IvyPlugin, com.typesafe.sbt.packager.archetypes.JavaServerAppPackaging, play.twirl.sbt.SbtTwirl, sbt.plugins.JvmPlugin, play.sbt.PlayNettyServer, play.sbt.PlayLayoutPlugin, play.sbt.routes.RoutesCompiler, play.sbt.PlayLogback, com.typesafe.sbt.jse.SbtJsTask, com.typesafe.sbt.jshint.SbtJSHint, com.typesafe.play.sbt.enhancer.PlayEnhancer, com.typesafe.sbt.packager.archetypes.JavaAppPackaging, sbt.plugins.JUnitXmlReportPlugin, com.typesafe.sbt.mocha.SbtMocha, com.typesafe.sbt.less.SbtLess, com.typesafe.sbt.rjs.SbtRjs, com.typesafe.sbt.jse.SbtJsEngine, com.typesafe.sbt.coffeescript.SbtCoffeeScript, sbt.plugins.BackgroundRunPlugin, com.typesafe.sbt.packager.rpm.RpmPlugin, com.typesafe.sbt.packager.windows.WindowsPlugin, com.typesafe.sbt.web.SbtWeb, com.typesafe.sbt.packager.docker.DockerPlugin, play.sbt.forkrun.PlayForkRun, com.typesafe.sbt.packager.debian.DebianPlugin, org.irundaia.sbt.sass.SbtSassify, com.typesafe.sbt.digest.SbtDigest, com.typesafe.sbt.packager.universal.UniversalPlugin, com.typesafe.sbt.packager.linux.LinuxPlugin)
  :: sorting:: found: List(sbt.plugins.CorePlugin, com.typesafe.sbt.SbtNativePackager, sbt.plugins.InteractionServicePlugin, sbt.plugins.SendEventServicePlugin, sbt.plugins.SerializersPlugin, sbt.plugins.IvyPlugin, com.typesafe.sbt.packager.universal.UniversalPlugin) not found List(play.sbt.PlayJava, play.sbt.Play, com.typesafe.sbt.packager.archetypes.JavaServerAppPackaging, play.twirl.sbt.SbtTwirl, sbt.plugins.JvmPlugin, play.sbt.PlayNettyServer, play.sbt.PlayLayoutPlugin, play.sbt.routes.RoutesCompiler, play.sbt.PlayLogback, com.typesafe.sbt.jse.SbtJsTask, com.typesafe.sbt.jshint.SbtJSHint, com.typesafe.play.sbt.enhancer.PlayEnhancer, com.typesafe.sbt.packager.archetypes.JavaAppPackaging, sbt.plugins.JUnitXmlReportPlugin, com.typesafe.sbt.mocha.SbtMocha, com.typesafe.sbt.less.SbtLess, com.typesafe.sbt.rjs.SbtRjs, com.typesafe.sbt.jse.SbtJsEngine, com.typesafe.sbt.coffeescript.SbtCoffeeScript, sbt.plugins.BackgroundRunPlugin, com.typesafe.sbt.packager.rpm.RpmPlugin, com.typesafe.sbt.packager.windows.WindowsPlugin, com.typesafe.sbt.web.SbtWeb, com.typesafe.sbt.packager.docker.DockerPlugin, play.sbt.forkrun.PlayForkRun, com.typesafe.sbt.packager.debian.DebianPlugin, org.irundaia.sbt.sass.SbtSassify, com.typesafe.sbt.digest.SbtDigest, com.typesafe.sbt.packager.linux.LinuxPlugin)
  :: sorting:: found: List(sbt.plugins.CorePlugin, com.typesafe.sbt.SbtNativePackager, sbt.plugins.InteractionServicePlugin, sbt.plugins.SendEventServicePlugin, sbt.plugins.SerializersPlugin, sbt.plugins.IvyPlugin, com.typesafe.sbt.packager.universal.UniversalPlugin, sbt.plugins.JvmPlugin, com.typesafe.sbt.packager.windows.WindowsPlugin, com.typesafe.sbt.packager.docker.DockerPlugin, com.typesafe.sbt.packager.linux.LinuxPlugin) not found List(play.sbt.PlayJava, play.sbt.Play, com.typesafe.sbt.packager.archetypes.JavaServerAppPackaging, play.twirl.sbt.SbtTwirl, play.sbt.PlayNettyServer, play.sbt.PlayLayoutPlugin, play.sbt.routes.RoutesCompiler, play.sbt.PlayLogback, com.typesafe.sbt.jse.SbtJsTask, com.typesafe.sbt.jshint.SbtJSHint, com.typesafe.play.sbt.enhancer.PlayEnhancer, com.typesafe.sbt.packager.archetypes.JavaAppPackaging, sbt.plugins.JUnitXmlReportPlugin, com.typesafe.sbt.mocha.SbtMocha, com.typesafe.sbt.less.SbtLess, com.typesafe.sbt.rjs.SbtRjs, com.typesafe.sbt.jse.SbtJsEngine, com.typesafe.sbt.coffeescript.SbtCoffeeScript, sbt.plugins.BackgroundRunPlugin, com.typesafe.sbt.packager.rpm.RpmPlugin, com.typesafe.sbt.web.SbtWeb, play.sbt.forkrun.PlayForkRun, com.typesafe.sbt.packager.debian.DebianPlugin, org.irundaia.sbt.sass.SbtSassify, com.typesafe.sbt.digest.SbtDigest)
  :: sorting:: found: List(sbt.plugins.CorePlugin, com.typesafe.sbt.SbtNativePackager, sbt.plugins.InteractionServicePlugin, sbt.plugins.SendEventServicePlugin, sbt.plugins.SerializersPlugin, sbt.plugins.IvyPlugin, com.typesafe.sbt.packager.universal.UniversalPlugin, sbt.plugins.JvmPlugin, com.typesafe.sbt.packager.windows.WindowsPlugin, com.typesafe.sbt.packager.docker.DockerPlugin, com.typesafe.sbt.packager.linux.LinuxPlugin, play.twirl.sbt.SbtTwirl, play.sbt.routes.RoutesCompiler, com.typesafe.play.sbt.enhancer.PlayEnhancer, sbt.plugins.JUnitXmlReportPlugin, sbt.plugins.BackgroundRunPlugin, com.typesafe.sbt.packager.rpm.RpmPlugin, com.typesafe.sbt.web.SbtWeb, com.typesafe.sbt.packager.debian.DebianPlugin) not found List(play.sbt.PlayJava, play.sbt.Play, com.typesafe.sbt.packager.archetypes.JavaServerAppPackaging, play.sbt.PlayNettyServer, play.sbt.PlayLayoutPlugin, play.sbt.PlayLogback, com.typesafe.sbt.jse.SbtJsTask, com.typesafe.sbt.jshint.SbtJSHint, com.typesafe.sbt.packager.archetypes.JavaAppPackaging, com.typesafe.sbt.mocha.SbtMocha, com.typesafe.sbt.less.SbtLess, com.typesafe.sbt.rjs.SbtRjs, com.typesafe.sbt.jse.SbtJsEngine, com.typesafe.sbt.coffeescript.SbtCoffeeScript, play.sbt.forkrun.PlayForkRun, org.irundaia.sbt.sass.SbtSassify, com.typesafe.sbt.digest.SbtDigest)
  :: sorting:: found: List(sbt.plugins.CorePlugin, com.typesafe.sbt.SbtNativePackager, sbt.plugins.InteractionServicePlugin, sbt.plugins.SendEventServicePlugin, sbt.plugins.SerializersPlugin, sbt.plugins.IvyPlugin, com.typesafe.sbt.packager.universal.UniversalPlugin, sbt.plugins.JvmPlugin, com.typesafe.sbt.packager.windows.WindowsPlugin, com.typesafe.sbt.packager.docker.DockerPlugin, com.typesafe.sbt.packager.linux.LinuxPlugin, play.twirl.sbt.SbtTwirl, play.sbt.routes.RoutesCompiler, com.typesafe.play.sbt.enhancer.PlayEnhancer, sbt.plugins.JUnitXmlReportPlugin, sbt.plugins.BackgroundRunPlugin, com.typesafe.sbt.packager.rpm.RpmPlugin, com.typesafe.sbt.web.SbtWeb, com.typesafe.sbt.packager.debian.DebianPlugin, com.typesafe.sbt.packager.archetypes.JavaAppPackaging, com.typesafe.sbt.jse.SbtJsEngine, org.irundaia.sbt.sass.SbtSassify, com.typesafe.sbt.digest.SbtDigest) not found List(play.sbt.PlayJava, play.sbt.Play, com.typesafe.sbt.packager.archetypes.JavaServerAppPackaging, play.sbt.PlayNettyServer, play.sbt.PlayLayoutPlugin, play.sbt.PlayLogback, com.typesafe.sbt.jse.SbtJsTask, com.typesafe.sbt.jshint.SbtJSHint, com.typesafe.sbt.mocha.SbtMocha, com.typesafe.sbt.less.SbtLess, com.typesafe.sbt.rjs.SbtRjs, com.typesafe.sbt.coffeescript.SbtCoffeeScript, play.sbt.forkrun.PlayForkRun)
  :: sorting:: found: List(sbt.plugins.CorePlugin, com.typesafe.sbt.SbtNativePackager, sbt.plugins.InteractionServicePlugin, sbt.plugins.SendEventServicePlugin, sbt.plugins.SerializersPlugin, sbt.plugins.IvyPlugin, com.typesafe.sbt.packager.universal.UniversalPlugin, sbt.plugins.JvmPlugin, com.typesafe.sbt.packager.windows.WindowsPlugin, com.typesafe.sbt.packager.docker.DockerPlugin, com.typesafe.sbt.packager.linux.LinuxPlugin, play.twirl.sbt.SbtTwirl, play.sbt.routes.RoutesCompiler, com.typesafe.play.sbt.enhancer.PlayEnhancer, sbt.plugins.JUnitXmlReportPlugin, sbt.plugins.BackgroundRunPlugin, com.typesafe.sbt.packager.rpm.RpmPlugin, com.typesafe.sbt.web.SbtWeb, com.typesafe.sbt.packager.debian.DebianPlugin, com.typesafe.sbt.packager.archetypes.JavaAppPackaging, com.typesafe.sbt.jse.SbtJsEngine, org.irundaia.sbt.sass.SbtSassify, com.typesafe.sbt.digest.SbtDigest, com.typesafe.sbt.packager.archetypes.JavaServerAppPackaging, com.typesafe.sbt.jse.SbtJsTask) not found List(play.sbt.PlayJava, play.sbt.Play, play.sbt.PlayNettyServer, play.sbt.PlayLayoutPlugin, play.sbt.PlayLogback, com.typesafe.sbt.jshint.SbtJSHint, com.typesafe.sbt.mocha.SbtMocha, com.typesafe.sbt.less.SbtLess, com.typesafe.sbt.rjs.SbtRjs, com.typesafe.sbt.coffeescript.SbtCoffeeScript, play.sbt.forkrun.PlayForkRun)
  :: sorting:: found: List(sbt.plugins.CorePlugin, com.typesafe.sbt.SbtNativePackager, sbt.plugins.InteractionServicePlugin, sbt.plugins.SendEventServicePlugin, sbt.plugins.SerializersPlugin, sbt.plugins.IvyPlugin, com.typesafe.sbt.packager.universal.UniversalPlugin, sbt.plugins.JvmPlugin, com.typesafe.sbt.packager.windows.WindowsPlugin, com.typesafe.sbt.packager.docker.DockerPlugin, com.typesafe.sbt.packager.linux.LinuxPlugin, play.twirl.sbt.SbtTwirl, play.sbt.routes.RoutesCompiler, com.typesafe.play.sbt.enhancer.PlayEnhancer, sbt.plugins.JUnitXmlReportPlugin, sbt.plugins.BackgroundRunPlugin, com.typesafe.sbt.packager.rpm.RpmPlugin, com.typesafe.sbt.web.SbtWeb, com.typesafe.sbt.packager.debian.DebianPlugin, com.typesafe.sbt.packager.archetypes.JavaAppPackaging, com.typesafe.sbt.jse.SbtJsEngine, org.irundaia.sbt.sass.SbtSassify, com.typesafe.sbt.digest.SbtDigest, com.typesafe.sbt.packager.archetypes.JavaServerAppPackaging, com.typesafe.sbt.jse.SbtJsTask, play.sbt.Play, com.typesafe.sbt.jshint.SbtJSHint, com.typesafe.sbt.mocha.SbtMocha, com.typesafe.sbt.less.SbtLess, com.typesafe.sbt.rjs.SbtRjs, com.typesafe.sbt.coffeescript.SbtCoffeeScript) not found List(play.sbt.PlayJava, play.sbt.PlayNettyServer, play.sbt.PlayLayoutPlugin, play.sbt.PlayLogback, play.sbt.forkrun.PlayForkRun)
  :: sorting:: found: List(sbt.plugins.CorePlugin, com.typesafe.sbt.SbtNativePackager, sbt.plugins.InteractionServicePlugin, sbt.plugins.SendEventServicePlugin, sbt.plugins.SerializersPlugin, sbt.plugins.IvyPlugin, com.typesafe.sbt.packager.universal.UniversalPlugin, sbt.plugins.JvmPlugin, com.typesafe.sbt.packager.windows.WindowsPlugin, com.typesafe.sbt.packager.docker.DockerPlugin, com.typesafe.sbt.packager.linux.LinuxPlugin, play.twirl.sbt.SbtTwirl, play.sbt.routes.RoutesCompiler, com.typesafe.play.sbt.enhancer.PlayEnhancer, sbt.plugins.JUnitXmlReportPlugin, sbt.plugins.BackgroundRunPlugin, com.typesafe.sbt.packager.rpm.RpmPlugin, com.typesafe.sbt.web.SbtWeb, com.typesafe.sbt.packager.debian.DebianPlugin, com.typesafe.sbt.packager.archetypes.JavaAppPackaging, com.typesafe.sbt.jse.SbtJsEngine, org.irundaia.sbt.sass.SbtSassify, com.typesafe.sbt.digest.SbtDigest, com.typesafe.sbt.packager.archetypes.JavaServerAppPackaging, com.typesafe.sbt.jse.SbtJsTask, play.sbt.Play, com.typesafe.sbt.jshint.SbtJSHint, com.typesafe.sbt.mocha.SbtMocha, com.typesafe.sbt.less.SbtLess, com.typesafe.sbt.rjs.SbtRjs, com.typesafe.sbt.coffeescript.SbtCoffeeScript, play.sbt.PlayJava, play.sbt.PlayNettyServer, play.sbt.PlayLayoutPlugin, play.sbt.PlayLogback, play.sbt.forkrun.PlayForkRun) not found List()
  :: sorted deduced result: List(sbt.plugins.CorePlugin, com.typesafe.sbt.SbtNativePackager, sbt.plugins.InteractionServicePlugin, sbt.plugins.SendEventServicePlugin, sbt.plugins.SerializersPlugin, sbt.plugins.IvyPlugin, com.typesafe.sbt.packager.universal.UniversalPlugin, sbt.plugins.JvmPlugin, com.typesafe.sbt.packager.windows.WindowsPlugin, com.typesafe.sbt.packager.docker.DockerPlugin, com.typesafe.sbt.packager.linux.LinuxPlugin, play.twirl.sbt.SbtTwirl, play.sbt.routes.RoutesCompiler, com.typesafe.play.sbt.enhancer.PlayEnhancer, sbt.plugins.JUnitXmlReportPlugin, sbt.plugins.BackgroundRunPlugin, com.typesafe.sbt.packager.rpm.RpmPlugin, com.typesafe.sbt.web.SbtWeb, com.typesafe.sbt.packager.debian.DebianPlugin, com.typesafe.sbt.packager.archetypes.JavaAppPackaging, com.typesafe.sbt.jse.SbtJsEngine, org.irundaia.sbt.sass.SbtSassify, com.typesafe.sbt.digest.SbtDigest, com.typesafe.sbt.packager.archetypes.JavaServerAppPackaging, com.typesafe.sbt.jse.SbtJsTask, play.sbt.Play, com.typesafe.sbt.jshint.SbtJSHint, com.typesafe.sbt.mocha.SbtMocha, com.typesafe.sbt.less.SbtLess, com.typesafe.sbt.rjs.SbtRjs, com.typesafe.sbt.coffeescript.SbtCoffeeScript, play.sbt.PlayJava, play.sbt.PlayNettyServer, play.sbt.PlayLayoutPlugin, play.sbt.PlayLogback, play.sbt.forkrun.PlayForkRun)
[Loading] Done in /Users/apoorv/Downloads/activator-dist-1.3.10/bin/bankapi, returning: (root)
Set current project to bankapi (in build file:/Users/apoorv/Downloads/activator-dist-1.3.10/bin/bankapi/)
Reapplying settings...
Set current project to bankapi (in build file:/Users/apoorv/Downloads/activator-dist-1.3.10/bin/bankapi/)
> iflast shell
> server-send-ready-for-request
> server-handle-next-server-request
> {file:/Users/apoorv/Downloads/activator-dist-1.3.10/bin/bankapi/}root/compile:mainClass
Evaluating tasks: compile:mainClass
Running task... Cancel: sbt.server.ServerTaskCancellation@4dbbeaf9, check cycles: false
Total time: 0 s, completed 19 May, 2016 8:50:35 PM
> server-post-command-cleanup
> server-handle-next-server-request
> {file:/Users/apoorv/Downloads/activator-dist-1.3.10/bin/bankapi/}root/compile:discoveredMainClasses
Evaluating tasks: compile:discoveredMainClasses
Running task... Cancel: sbt.server.ServerTaskCancellation@1f503149, check cycles: false

Initial source changes: 
	removed:Set()
	added: Set()
	modified: Set(/Users/apoorv/Downloads/activator-dist-1.3.10/bin/bankapi/app/controllers/BankController.java)
Removed products: Set()
External API changes: API Changes: Set()
Modified binary dependencies: Set()
Initial directly invalidated sources: Set(/Users/apoorv/Downloads/activator-dist-1.3.10/bin/bankapi/app/controllers/BankController.java)

Sources indirectly invalidated by:
	product: Set()
	binary dep: Set()
	external source: Set()
All initially invalidated sources: Set(/Users/apoorv/Downloads/activator-dist-1.3.10/bin/bankapi/app/controllers/BankController.java)

Read from stdout: Compiling 1 Java source to /Users/apoorv/Downloads/activator-dist-1.3.10/bin/bankapi/target/scala-2.11/classes...
Compiling 1 Java source to /Users/apoorv/Downloads/activator-dist-1.3.10/bin/bankapi/target/scala-2.11/classes...
Attempting to call com.sun.tools.javac.api.JavacTool@1ff2d4d5 directly...
Java compilation took 0.701970219 s
Java analysis took 0.021604536 s
Java compile + analysis took 0.735672385 s
New invalidations:
	Set()
Initial set of included nodes: Set()
Previously invalidated, but (transitively) depend on new invalidations:
	Set()
All newly invalidated sources after taking into account (previously) recompiled sources:Set()
Total time: 2 s, completed 19 May, 2016 8:50:37 PM
> server-post-command-cleanup
> server-handle-next-server-request
> {file:/Users/apoorv/Downloads/activator-dist-1.3.10/bin/bankapi/}root/compile:mainClass
Evaluating tasks: compile:mainClass
Running task... Cancel: sbt.server.ServerTaskCancellation@5105ffb5, check cycles: false
Total time: 0 s, completed 19 May, 2016 8:50:37 PM
> server-post-command-cleanup
> server-handle-next-server-request
> {file:/Users/apoorv/Downloads/activator-dist-1.3.10/bin/bankapi/}root/compile:discoveredMainClasses
Evaluating tasks: compile:discoveredMainClasses
Running task... Cancel: sbt.server.ServerTaskCancellation@7a07dbb, check cycles: false

Initial source changes: 
	removed:Set()
	added: Set()
	modified: Set()
Removed products: Set()
External API changes: API Changes: Set()
Modified binary dependencies: Set()
Initial directly invalidated sources: Set()

Sources indirectly invalidated by:
	product: Set()
	binary dep: Set()
	external source: Set()
All initially invalidated sources: Set()

Total time: 1 s, completed 19 May, 2016 8:50:38 PM
> server-post-command-cleanup
> server-handle-next-server-request
> backgroundRun
Evaluating tasks: compile:backgroundRun
Running task... Cancel: sbt.server.ServerTaskCancellation@647dab5b, check cycles: false
Total time: 0 s, completed 19 May, 2016 8:50:39 PM
> server-post-command-cleanup
> server-handle-next-server-request
> {file:/Users/apoorv/Downloads/activator-dist-1.3.10/bin/bankapi/}root/*:playForkConfig
Evaluating tasks: *:playForkConfig
Running task... Cancel: sbt.server.ServerTaskCancellation@7531ecd8, check cycles: false
Total time: 1 s, completed 19 May, 2016 8:50:43 PM
> server-post-command-cleanup
> server-handle-next-server-request
> root/playForkNotifyStart http://localhost:9000
Evaluating tasks: *:playForkNotifyStart
Running task... Cancel: sbt.server.ServerTaskCancellation@24d2aae0, check cycles: false
Total time: 0 s, completed 19 May, 2016 8:50:45 PM
> server-post-command-cleanup
> server-handle-next-server-request
> {file:/Users/apoorv/Downloads/activator-dist-1.3.10/bin/bankapi/}root/*:playForkReload
Evaluating tasks: *:playForkReload
Running task... Cancel: sbt.server.ServerTaskCancellation@6cf9f0fc, check cycles: false

Initial source changes: 
	removed:Set()
	added: Set()
	modified: Set()
Removed products: Set()
External API changes: API Changes: Set()
Modified binary dependencies: Set()
Initial directly invalidated sources: Set()

Sources indirectly invalidated by:
	product: Set()
	binary dep: Set()
	external source: Set()
All initially invalidated sources: Set()

Copy resource mappings: 
	(/Users/apoorv/Downloads/activator-dist-1.3.10/bin/bankapi/conf/application.conf,/Users/apoorv/Downloads/activator-dist-1.3.10/bin/bankapi/target/scala-2.11/classes/application.conf)
	(/Users/apoorv/Downloads/activator-dist-1.3.10/bin/bankapi/conf/logback.xml,/Users/apoorv/Downloads/activator-dist-1.3.10/bin/bankapi/target/scala-2.11/classes/logback.xml)
	(/Users/apoorv/Downloads/activator-dist-1.3.10/bin/bankapi/conf/routes,/Users/apoorv/Downloads/activator-dist-1.3.10/bin/bankapi/target/scala-2.11/classes/routes)
Warning: node.js detection failed, sbt will use the Rhino based Trireme JavaScript engine instead to run JavaScript assets compilation, which in some cases may be orders of magnitude slower than using node.js.
Total time: 2 s, completed 19 May, 2016 8:50:51 PM
> server-post-command-cleanup
> server-handle-next-server-request
> {file:/Users/apoorv/Downloads/activator-dist-1.3.10/bin/bankapi/}root/*:playForkReload
Evaluating tasks: *:playForkReload
Running task... Cancel: sbt.server.ServerTaskCancellation@2516ea89, check cycles: false
/Users/apoorv/Downloads/activator-dist-1.3.10/bin/bankapi/conf/routes:17: Compilation error[Missing parameter in call definition: bank_name]
GET     /api/bank/:bank_name/city/:city_name/branch controllers.BankController.fetchBanks
                  ^
/Users/apoorv/Downloads/activator-dist-1.3.10/bin/bankapi/conf/routes:17: Compilation error[Missing parameter in call definition: city_name]
GET     /api/bank/:bank_name/city/:city_name/branch controllers.BankController.fetchBanks
                                  ^
Total time: 2 s, completed 19 May, 2016 8:54:37 PM
> server-post-command-cleanup
> server-handle-next-server-request
> {file:/Users/apoorv/Downloads/activator-dist-1.3.10/bin/bankapi/}root/*:playForkReload
Evaluating tasks: *:playForkReload
Running task... Cancel: sbt.server.ServerTaskCancellation@3b9ae523, check cycles: false

Initial source changes: 
	removed:Set()
	added: Set()
	modified: Set(/Users/apoorv/Downloads/activator-dist-1.3.10/bin/bankapi/target/scala-2.11/routes/main/router/RoutesPrefix.scala, /Users/apoorv/Downloads/activator-dist-1.3.10/bin/bankapi/target/scala-2.11/routes/main/router/Routes.scala, /Users/apoorv/Downloads/activator-dist-1.3.10/bin/bankapi/target/scala-2.11/routes/main/controllers/javascript/JavaScriptReverseRoutes.scala, /Users/apoorv/Downloads/activator-dist-1.3.10/bin/bankapi/target/scala-2.11/routes/main/controllers/routes.java, /Users/apoorv/Downloads/activator-dist-1.3.10/bin/bankapi/app/controllers/BankController.java, /Users/apoorv/Downloads/activator-dist-1.3.10/bin/bankapi/target/scala-2.11/routes/main/controllers/ReverseRoutes.scala)
Removed products: Set()
External API changes: API Changes: Set()
Modified binary dependencies: Set()
Initial directly invalidated sources: Set(/Users/apoorv/Downloads/activator-dist-1.3.10/bin/bankapi/target/scala-2.11/routes/main/router/RoutesPrefix.scala, /Users/apoorv/Downloads/activator-dist-1.3.10/bin/bankapi/target/scala-2.11/routes/main/router/Routes.scala, /Users/apoorv/Downloads/activator-dist-1.3.10/bin/bankapi/target/scala-2.11/routes/main/controllers/javascript/JavaScriptReverseRoutes.scala, /Users/apoorv/Downloads/activator-dist-1.3.10/bin/bankapi/target/scala-2.11/routes/main/controllers/routes.java, /Users/apoorv/Downloads/activator-dist-1.3.10/bin/bankapi/app/controllers/BankController.java, /Users/apoorv/Downloads/activator-dist-1.3.10/bin/bankapi/target/scala-2.11/routes/main/controllers/ReverseRoutes.scala)

Sources indirectly invalidated by:
	product: Set()
	binary dep: Set()
	external source: Set()
All initially invalidated sources: Set(/Users/apoorv/Downloads/activator-dist-1.3.10/bin/bankapi/target/scala-2.11/routes/main/router/RoutesPrefix.scala, /Users/apoorv/Downloads/activator-dist-1.3.10/bin/bankapi/target/scala-2.11/routes/main/router/Routes.scala, /Users/apoorv/Downloads/activator-dist-1.3.10/bin/bankapi/target/scala-2.11/routes/main/controllers/javascript/JavaScriptReverseRoutes.scala, /Users/apoorv/Downloads/activator-dist-1.3.10/bin/bankapi/target/scala-2.11/routes/main/controllers/routes.java, /Users/apoorv/Downloads/activator-dist-1.3.10/bin/bankapi/app/controllers/BankController.java, /Users/apoorv/Downloads/activator-dist-1.3.10/bin/bankapi/target/scala-2.11/routes/main/controllers/ReverseRoutes.scala)

Read from stdout: Compiling 4 Scala sources and 2 Java sources to /Users/apoorv/Downloads/activator-dist-1.3.10/bin/bankapi/target/scala-2.11/classes...
Compiling 4 Scala sources and 2 Java sources to /Users/apoorv/Downloads/activator-dist-1.3.10/bin/bankapi/target/scala-2.11/classes...
Getting compiler-interface from component compiler for Scala 2.11.7
Other repositories:
Default repositories:
Getting compiler-interface from component compiler for Scala 2.11.7
Other repositories:
Default repositories:
Running cached compiler 6b0e2518, interfacing (CompilerInterface) with Scala compiler version 2.11.7
Calling Scala compiler with arguments  (CompilerInterface):
	-deprecation
	-unchecked
	-encoding
	utf8
	-bootclasspath
	/Library/Java/JavaVirtualMachines/jdk1.8.0_60.jdk/Contents/Home/jre/lib/resources.jar:/Library/Java/JavaVirtualMachines/jdk1.8.0_60.jdk/Contents/Home/jre/lib/rt.jar:/Library/Java/JavaVirtualMachines/jdk1.8.0_60.jdk/Contents/Home/jre/lib/sunrsasign.jar:/Library/Java/JavaVirtualMachines/jdk1.8.0_60.jdk/Contents/Home/jre/lib/jsse.jar:/Library/Java/JavaVirtualMachines/jdk1.8.0_60.jdk/Contents/Home/jre/lib/jce.jar:/Library/Java/JavaVirtualMachines/jdk1.8.0_60.jdk/Contents/Home/jre/lib/charsets.jar:/Library/Java/JavaVirtualMachines/jdk1.8.0_60.jdk/Contents/Home/jre/lib/jfr.jar:/Library/Java/JavaVirtualMachines/jdk1.8.0_60.jdk/Contents/Home/jre/classes:/Users/apoorv/Downloads/activator-dist-1.3.10/repository/org.scala-lang/scala-library/2.11.7/jars/scala-library.jar
	-classpath
	/Users/apoorv/Downloads/activator-dist-1.3.10/bin/bankapi/target/scala-2.11/classes:/Users/apoorv/Downloads/activator-dist-1.3.10/repository/com.typesafe.play/twirl-api_2.11/1.1.1/jars/twirl-api_2.11.jar:/Users/apoorv/Downloads/activator-dist-1.3.10/repository/org.apache.commons/commons-lang3/3.4/jars/commons-lang3.jar:/Users/apoorv/.ivy2/cache/org.scala-lang.modules/scala-xml_2.11/bundles/scala-xml_2.11-1.0.1.jar:/Users/apoorv/Downloads/activator-dist-1.3.10/repository/com.typesafe.play/play-enhancer/1.1.0/jars/play-enhancer.jar:/Users/apoorv/.ivy2/cache/com.typesafe.play/play-server_2.11/jars/play-server_2.11-2.5.3.jar:/Users/apoorv/.ivy2/cache/com.typesafe.play/play_2.11/jars/play_2.11-2.5.3.jar:/Users/apoorv/.ivy2/cache/com.typesafe.play/build-link/jars/build-link-2.5.3.jar:/Users/apoorv/.ivy2/cache/com.typesafe.play/play-exceptions/jars/play-exceptions-2.5.3.jar:/Users/apoorv/.ivy2/cache/com.typesafe.play/play-iteratees_2.11/jars/play-iteratees_2.11-2.5.3.jar:/Users/apoorv/.ivy2/cache/org.scala-stm/scala-stm_2.11/jars/scala-stm_2.11-0.7.jar:/Users/apoorv/Downloads/activator-dist-1.3.10/repository/com.typesafe/config/1.3.0/bundles/config.jar:/Users/apoorv/.ivy2/cache/com.typesafe.play/play-json_2.11/jars/play-json_2.11-2.5.3.jar:/Users/apoorv/.ivy2/cache/com.typesafe.play/play-functional_2.11/jars/play-functional_2.11-2.5.3.jar:/Users/apoorv/.ivy2/cache/com.typesafe.play/play-datacommons_2.11/jars/play-datacommons_2.11-2.5.3.jar:/Users/apoorv/Downloads/activator-dist-1.3.10/repository/joda-time/joda-time/2.9.2/jars/joda-time.jar:/Users/apoorv/Downloads/activator-dist-1.3.10/repository/org.joda/joda-convert/1.8.1/jars/joda-convert.jar:/Users/apoorv/Downloads/activator-dist-1.3.10/repository/org.scala-lang/scala-reflect/2.11.7/jars/scala-reflect.jar:/Users/apoorv/Downloads/activator-dist-1.3.10/repository/com.fasterxml.jackson.core/jackson-core/2.7.1/bundles/jackson-core.jar:/Users/apoorv/Downloads/activator-dist-1.3.10/repository/com.fasterxml.jackson.core/jackson-annotations/2.7.1/bundles/jackson-annotations.jar:/Users/apoorv/Downloads/activator-dist-1.3.10/repository/com.fasterxml.jackson.core/jackson-databind/2.7.1/bundles/jackson-databind.jar:/Users/apoorv/Downloads/activator-dist-1.3.10/repository/com.fasterxml.jackson.datatype/jackson-datatype-jdk8/2.7.1/bundles/jackson-datatype-jdk8.jar:/Users/apoorv/Downloads/activator-dist-1.3.10/repository/com.fasterxml.jackson.datatype/jackson-datatype-jsr310/2.7.1/bundles/jackson-datatype-jsr310.jar:/Users/apoorv/.ivy2/cache/com.typesafe.play/play-netty-utils/jars/play-netty-utils-2.5.3.jar:/Users/apoorv/Downloads/activator-dist-1.3.10/repository/org.slf4j/jul-to-slf4j/1.7.16/jars/jul-to-slf4j.jar:/Users/apoorv/Downloads/activator-dist-1.3.10/repository/org.slf4j/jcl-over-slf4j/1.7.16/jars/jcl-over-slf4j.jar:/Users/apoorv/.ivy2/cache/com.typesafe.play/play-streams_2.11/jars/play-streams_2.11-2.5.3.jar:/Users/apoorv/Downloads/activator-dist-1.3.10/repository/org.reactivestreams/reactive-streams/1.0.0/jars/reactive-streams.jar:/Users/apoorv/.ivy2/cache/com.typesafe.akka/akka-stream_2.11/jars/akka-stream_2.11-2.4.4.jar:/Users/apoorv/.ivy2/cache/com.typesafe.akka/akka-actor_2.11/jars/akka-actor_2.11-2.4.4.jar:/Users/apoorv/Downloads/activator-dist-1.3.10/repository/org.scala-lang.modules/scala-java8-compat_2.11/0.7.0/bundles/scala-java8-compat_2.11.jar:/Users/apoorv/.ivy2/cache/com.typesafe/ssl-config-akka_2.11/bundles/ssl-config-akka_2.11-0.2.1.jar:/Users/apoorv/.ivy2/cache/com.typesafe/ssl-config-core_2.11/bundles/ssl-config-core_2.11-0.2.1.jar:/Users/apoorv/.ivy2/cache/org.scala-lang.modules/scala-parser-combinators_2.11/bundles/scala-parser-combinators_2.11-1.0.4.jar:/Users/apoorv/.ivy2/cache/com.typesafe.akka/akka-slf4j_2.11/jars/akka-slf4j_2.11-2.4.4.jar:/Users/apoorv/Downloads/activator-dist-1.3.10/repository/commons-codec/commons-codec/1.10/jars/commons-codec.jar:/Users/apoorv/.ivy2/cache/xerces/xercesImpl/jars/xercesImpl-2.11.0.jar:/Users/apoorv/.ivy2/cache/xml-apis/xml-apis/jars/xml-apis-1.4.01.jar:/Users/apoorv/.ivy2/cache/javax.transaction/jta/jars/jta-1.1.jar:/Users/apoorv/Downloads/activator-dist-1.3.10/repository/com.google.inject/guice/4.0/jars/guice.jar:/Users/apoorv/Downloads/activator-dist-1.3.10/repository/javax.inject/javax.inject/1/jars/javax.inject.jar:/Users/apoorv/Downloads/activator-dist-1.3.10/repository/aopalliance/aopalliance/1.0/jars/aopalliance.jar:/Users/apoorv/Downloads/activator-dist-1.3.10/repository/com.google.inject.extensions/guice-assistedinject/4.0/jars/guice-assistedinject.jar:/Users/apoorv/.ivy2/cache/com.typesafe.play/play-java_2.11/jars/play-java_2.11-2.5.3.jar:/Users/apoorv/Downloads/activator-dist-1.3.10/repository/org.yaml/snakeyaml/1.16/bundles/snakeyaml.jar:/Users/apoorv/Downloads/activator-dist-1.3.10/repository/org.hibernate/hibernate-validator/5.2.4.Final/jars/hibernate-validator.jar:/Users/apoorv/Downloads/activator-dist-1.3.10/repository/javax.validation/validation-api/1.1.0.Final/jars/validation-api.jar:/Users/apoorv/Downloads/activator-dist-1.3.10/repository/org.jboss.logging/jboss-logging/3.2.1.Final/jars/jboss-logging.jar:/Users/apoorv/Downloads/activator-dist-1.3.10/repository/com.fasterxml/classmate/1.1.0/bundles/classmate.jar:/Users/apoorv/Downloads/activator-dist-1.3.10/repository/javax.el/javax.el-api/3.0.0/jars/javax.el-api.jar:/Users/apoorv/Downloads/activator-dist-1.3.10/repository/org.springframework/spring-context/4.2.4.RELEASE/jars/spring-context.jar:/Users/apoorv/Downloads/activator-dist-1.3.10/repository/org.springframework/spring-core/4.2.4.RELEASE/jars/spring-core.jar:/Users/apoorv/Downloads/activator-dist-1.3.10/repository/org.springframework/spring-beans/4.2.4.RELEASE/jars/spring-beans.jar:/Users/apoorv/Downloads/activator-dist-1.3.10/repository/org.reflections/reflections/0.9.10/jars/reflections.jar:/Users/apoorv/Downloads/activator-dist-1.3.10/repository/com.google.guava/guava/19.0/bundles/guava.jar:/Users/apoorv/Downloads/activator-dist-1.3.10/repository/net.jodah/typetools/0.4.4/bundles/typetools.jar:/Users/apoorv/Downloads/activator-dist-1.3.10/repository/com.google.code.findbugs/jsr305/3.0.1/jars/jsr305.jar:/Users/apoorv/Downloads/activator-dist-1.3.10/repository/org.apache.tomcat/tomcat-servlet-api/8.0.32/jars/tomcat-servlet-api.jar:/Users/apoorv/.ivy2/cache/com.typesafe.play/play-netty-server_2.11/jars/play-netty-server_2.11-2.5.3.jar:/Users/apoorv/Downloads/activator-dist-1.3.10/repository/com.typesafe.netty/netty-reactive-streams-http/1.0.5/jars/netty-reactive-streams-http.jar:/Users/apoorv/Downloads/activator-dist-1.3.10/repository/com.typesafe.netty/netty-reactive-streams/1.0.5/jars/netty-reactive-streams.jar:/Users/apoorv/Downloads/activator-dist-1.3.10/repository/io.netty/netty-transport-native-epoll/4.0.36.Final/jars/netty-transport-native-epoll-linux-x86_64.jar:/Users/apoorv/Downloads/activator-dist-1.3.10/repository/io.netty/netty-common/4.0.36.Final/jars/netty-common.jar:/Users/apoorv/Downloads/activator-dist-1.3.10/repository/io.netty/netty-buffer/4.0.36.Final/jars/netty-buffer.jar:/Users/apoorv/Downloads/activator-dist-1.3.10/repository/io.netty/netty-transport/4.0.36.Final/jars/netty-transport.jar:/Users/apoorv/.ivy2/cache/com.typesafe.play/play-logback_2.11/jars/play-logback_2.11-2.5.3.jar:/Users/apoorv/Downloads/activator-dist-1.3.10/repository/ch.qos.logback/logback-core/1.1.4/jars/logback-core.jar:/Users/apoorv/Downloads/activator-dist-1.3.10/repository/ch.qos.logback/logback-classic/1.1.4/jars/logback-classic.jar:/Users/apoorv/.ivy2/cache/com.typesafe.play/play-java-jdbc_2.11/jars/play-java-jdbc_2.11-2.5.3.jar:/Users/apoorv/.ivy2/cache/com.typesafe.play/play-jdbc_2.11/jars/play-jdbc_2.11-2.5.3.jar:/Users/apoorv/.ivy2/cache/com.typesafe.play/play-jdbc-api_2.11/jars/play-jdbc-api_2.11-2.5.3.jar:/Users/apoorv/Downloads/activator-dist-1.3.10/repository/com.jolbox/bonecp/0.8.0.RELEASE/bundles/bonecp.jar:/Users/apoorv/Downloads/activator-dist-1.3.10/repository/com.zaxxer/HikariCP/2.4.3/bundles/HikariCP.jar:/Users/apoorv/Downloads/activator-dist-1.3.10/repository/com.googlecode.usc/jdbcdslog/1.0.6.2/jars/jdbcdslog.jar:/Users/apoorv/Downloads/activator-dist-1.3.10/repository/com.h2database/h2/1.4.191/jars/h2.jar:/Users/apoorv/Downloads/activator-dist-1.3.10/repository/tyrex/tyrex/1.0.1/jars/tyrex.jar:/Users/apoorv/.ivy2/cache/com.typesafe.play/play-cache_2.11/jars/play-cache_2.11-2.5.3.jar:/Users/apoorv/Downloads/activator-dist-1.3.10/repository/net.sf.ehcache/ehcache-core/2.6.11/jars/ehcache-core.jar:/Users/apoorv/.ivy2/cache/com.typesafe.play/play-java-ws_2.11/jars/play-java-ws_2.11-2.5.3.jar:/Users/apoorv/.ivy2/cache/com.typesafe.play/play-ws_2.11/jars/play-ws_2.11-2.5.3.jar:/Users/apoorv/.ivy2/cache/org.asynchttpclient/async-http-client/jars/async-http-client-2.0.2.jar:/Users/apoorv/Downloads/activator-dist-1.3.10/repository/io.netty/netty-codec-http/4.0.36.Final/jars/netty-codec-http.jar:/Users/apoorv/Downloads/activator-dist-1.3.10/repository/io.netty/netty-codec/4.0.36.Final/jars/netty-codec.jar:/Users/apoorv/Downloads/activator-dist-1.3.10/repository/io.netty/netty-handler/4.0.36.Final/jars/netty-handler.jar:/Users/apoorv/.ivy2/cache/org.asynchttpclient/netty-resolver-dns/jars/netty-resolver-dns-2.0.2.jar:/Users/apoorv/.ivy2/cache/org.asynchttpclient/netty-resolver/jars/netty-resolver-2.0.2.jar:/Users/apoorv/Downloads/activator-dist-1.3.10/repository/org.slf4j/slf4j-api/1.7.21/jars/slf4j-api.jar:/Users/apoorv/.ivy2/cache/org.asynchttpclient/netty-codec-dns/jars/netty-codec-dns-2.0.2.jar:/Users/apoorv/Downloads/activator-dist-1.3.10/repository/org.javassist/javassist/3.20.0-GA/bundles/javassist.jar:/Users/apoorv/.ivy2/cache/oauth.signpost/signpost-core/jars/signpost-core-1.2.1.2.jar:/Users/apoorv/.ivy2/cache/oauth.signpost/signpost-commonshttp4/jars/signpost-commonshttp4-1.2.1.2.jar:/Users/apoorv/Downloads/activator-dist-1.3.10/repository/org.apache.httpcomponents/httpcore/4.0.1/jars/httpcore.jar:/Users/apoorv/Downloads/activator-dist-1.3.10/repository/org.apache.httpcomponents/httpclient/4.0.1/jars/httpclient.jar:/Users/apoorv/.ivy2/cache/commons-logging/commons-logging/jars/commons-logging-1.1.1.jar:/Users/apoorv/.ivy2/cache/org.postgresql/postgresql/jars/postgresql-9.4-1206-jdbc42.jar
Scala compilation took 8.520413563 s
Attempting to call com.sun.tools.javac.api.JavacTool@b85b624 directly...
Java compilation took 0.170177069 s
Java analysis took 0.003020314 s
Java compile + analysis took 0.179613426 s
Invalidating /Users/apoorv/Downloads/activator-dist-1.3.10/bin/bankapi/target/scala-2.11/routes/main/controllers/javascript/JavaScriptReverseRoutes.scala...
Invalidating (transitively) by inheritance from /Users/apoorv/Downloads/activator-dist-1.3.10/bin/bankapi/target/scala-2.11/routes/main/controllers/javascript/JavaScriptReverseRoutes.scala...
Initial set of included nodes: Set(/Users/apoorv/Downloads/activator-dist-1.3.10/bin/bankapi/target/scala-2.11/routes/main/controllers/javascript/JavaScriptReverseRoutes.scala)
Invalidated by transitive inheritance dependency: Set(/Users/apoorv/Downloads/activator-dist-1.3.10/bin/bankapi/target/scala-2.11/routes/main/controllers/javascript/JavaScriptReverseRoutes.scala)
The /Users/apoorv/Downloads/activator-dist-1.3.10/bin/bankapi/target/scala-2.11/routes/main/controllers/javascript/JavaScriptReverseRoutes.scala source file has the following regular definitions changed:
	fetchBranches.
All member reference dependencies will be considered within this context.
Invalidating /Users/apoorv/Downloads/activator-dist-1.3.10/bin/bankapi/target/scala-2.11/routes/main/controllers/ReverseRoutes.scala...
Invalidating (transitively) by inheritance from /Users/apoorv/Downloads/activator-dist-1.3.10/bin/bankapi/target/scala-2.11/routes/main/controllers/ReverseRoutes.scala...
Initial set of included nodes: Set(/Users/apoorv/Downloads/activator-dist-1.3.10/bin/bankapi/target/scala-2.11/routes/main/controllers/ReverseRoutes.scala)
Invalidated by transitive inheritance dependency: Set(/Users/apoorv/Downloads/activator-dist-1.3.10/bin/bankapi/target/scala-2.11/routes/main/controllers/ReverseRoutes.scala)
The /Users/apoorv/Downloads/activator-dist-1.3.10/bin/bankapi/target/scala-2.11/routes/main/controllers/ReverseRoutes.scala source file has the following regular definitions changed:
	fetchBranches, fetchCitiesForBank.
All member reference dependencies will be considered within this context.
None of the modified names appears in /Users/apoorv/Downloads/activator-dist-1.3.10/bin/bankapi/target/scala-2.11/twirl/main/views/html/main.template.scala. This dependency is not being considered for invalidation.
New invalidations:
	Set()
Initial set of included nodes: Set()
Previously invalidated, but (transitively) depend on new invalidations:
	Set()
All newly invalidated sources after taking into account (previously) recompiled sources:Set()
Copy resource mappings: 
	(/Users/apoorv/Downloads/activator-dist-1.3.10/bin/bankapi/conf/application.conf,/Users/apoorv/Downloads/activator-dist-1.3.10/bin/bankapi/target/scala-2.11/classes/application.conf)
	(/Users/apoorv/Downloads/activator-dist-1.3.10/bin/bankapi/conf/logback.xml,/Users/apoorv/Downloads/activator-dist-1.3.10/bin/bankapi/target/scala-2.11/classes/logback.xml)
	(/Users/apoorv/Downloads/activator-dist-1.3.10/bin/bankapi/conf/routes,/Users/apoorv/Downloads/activator-dist-1.3.10/bin/bankapi/target/scala-2.11/classes/routes)
Total time: 10 s, completed 19 May, 2016 8:56:55 PM
> server-post-command-cleanup
> server-handle-next-server-request
> {file:/Users/apoorv/Downloads/activator-dist-1.3.10/bin/bankapi/}root/*:playForkReload
Evaluating tasks: *:playForkReload
Running task... Cancel: sbt.server.ServerTaskCancellation@3daafd73, check cycles: false

Initial source changes: 
	removed:Set()
	added: Set()
	modified: Set(/Users/apoorv/Downloads/activator-dist-1.3.10/bin/bankapi/app/controllers/BankController.java)
Removed products: Set()
External API changes: API Changes: Set()
Modified binary dependencies: Set()
Initial directly invalidated sources: Set(/Users/apoorv/Downloads/activator-dist-1.3.10/bin/bankapi/app/controllers/BankController.java)

Sources indirectly invalidated by:
	product: Set()
	binary dep: Set()
	external source: Set()
All initially invalidated sources: Set(/Users/apoorv/Downloads/activator-dist-1.3.10/bin/bankapi/app/controllers/BankController.java)

Read from stdout: Compiling 1 Java source to /Users/apoorv/Downloads/activator-dist-1.3.10/bin/bankapi/target/scala-2.11/classes...
Compiling 1 Java source to /Users/apoorv/Downloads/activator-dist-1.3.10/bin/bankapi/target/scala-2.11/classes...
Attempting to call com.sun.tools.javac.api.JavacTool@14b178b6 directly...
Java compilation took 0.148717607 s
Java analysis took 0.002959179 s
Java compile + analysis took 0.158633631 s
New invalidations:
	Set()
Initial set of included nodes: Set()
Previously invalidated, but (transitively) depend on new invalidations:
	Set()
All newly invalidated sources after taking into account (previously) recompiled sources:Set()
Copy resource mappings: 
	(/Users/apoorv/Downloads/activator-dist-1.3.10/bin/bankapi/conf/application.conf,/Users/apoorv/Downloads/activator-dist-1.3.10/bin/bankapi/target/scala-2.11/classes/application.conf)
	(/Users/apoorv/Downloads/activator-dist-1.3.10/bin/bankapi/conf/logback.xml,/Users/apoorv/Downloads/activator-dist-1.3.10/bin/bankapi/target/scala-2.11/classes/logback.xml)
	(/Users/apoorv/Downloads/activator-dist-1.3.10/bin/bankapi/conf/routes,/Users/apoorv/Downloads/activator-dist-1.3.10/bin/bankapi/target/scala-2.11/classes/routes)
Total time: 1 s, completed 19 May, 2016 9:01:15 PM
> server-post-command-cleanup
> server-handle-next-server-request
> {file:/Users/apoorv/Downloads/activator-dist-1.3.10/bin/bankapi/}root/*:playForkReload
Evaluating tasks: *:playForkReload
Running task... Cancel: sbt.server.ServerTaskCancellation@38d3077e, check cycles: false

Initial source changes: 
	removed:Set()
	added: Set()
	modified: Set(/Users/apoorv/Downloads/activator-dist-1.3.10/bin/bankapi/app/controllers/BankController.java)
Removed products: Set()
External API changes: API Changes: Set()
Modified binary dependencies: Set()
Initial directly invalidated sources: Set(/Users/apoorv/Downloads/activator-dist-1.3.10/bin/bankapi/app/controllers/BankController.java)

Sources indirectly invalidated by:
	product: Set()
	binary dep: Set()
	external source: Set()
All initially invalidated sources: Set(/Users/apoorv/Downloads/activator-dist-1.3.10/bin/bankapi/app/controllers/BankController.java)

Read from stdout: Compiling 1 Java source to /Users/apoorv/Downloads/activator-dist-1.3.10/bin/bankapi/target/scala-2.11/classes...
Compiling 1 Java source to /Users/apoorv/Downloads/activator-dist-1.3.10/bin/bankapi/target/scala-2.11/classes...
Attempting to call com.sun.tools.javac.api.JavacTool@23e1ed8c directly...
Java compilation took 0.180854837 s
Java analysis took 0.002855905 s
Java compile + analysis took 0.191495112 s
New invalidations:
	Set()
Initial set of included nodes: Set()
Previously invalidated, but (transitively) depend on new invalidations:
	Set()
All newly invalidated sources after taking into account (previously) recompiled sources:Set()
Copy resource mappings: 
	(/Users/apoorv/Downloads/activator-dist-1.3.10/bin/bankapi/conf/application.conf,/Users/apoorv/Downloads/activator-dist-1.3.10/bin/bankapi/target/scala-2.11/classes/application.conf)
	(/Users/apoorv/Downloads/activator-dist-1.3.10/bin/bankapi/conf/logback.xml,/Users/apoorv/Downloads/activator-dist-1.3.10/bin/bankapi/target/scala-2.11/classes/logback.xml)
	(/Users/apoorv/Downloads/activator-dist-1.3.10/bin/bankapi/conf/routes,/Users/apoorv/Downloads/activator-dist-1.3.10/bin/bankapi/target/scala-2.11/classes/routes)
Total time: 1 s, completed 19 May, 2016 9:04:06 PM
> server-post-command-cleanup
> server-handle-next-server-request
> {file:/Users/apoorv/Downloads/activator-dist-1.3.10/bin/bankapi/}root/*:playForkReload
Evaluating tasks: *:playForkReload
Running task... Cancel: sbt.server.ServerTaskCancellation@443f7d4b, check cycles: false

Initial source changes: 
	removed:Set()
	added: Set()
	modified: Set(/Users/apoorv/Downloads/activator-dist-1.3.10/bin/bankapi/app/controllers/BankController.java)
Removed products: Set()
External API changes: API Changes: Set()
Modified binary dependencies: Set()
Initial directly invalidated sources: Set(/Users/apoorv/Downloads/activator-dist-1.3.10/bin/bankapi/app/controllers/BankController.java)

Sources indirectly invalidated by:
	product: Set()
	binary dep: Set()
	external source: Set()
All initially invalidated sources: Set(/Users/apoorv/Downloads/activator-dist-1.3.10/bin/bankapi/app/controllers/BankController.java)

Read from stdout: Compiling 1 Java source to /Users/apoorv/Downloads/activator-dist-1.3.10/bin/bankapi/target/scala-2.11/classes...
Compiling 1 Java source to /Users/apoorv/Downloads/activator-dist-1.3.10/bin/bankapi/target/scala-2.11/classes...
Attempting to call com.sun.tools.javac.api.JavacTool@507c10fa directly...
Java compilation took 0.132804758 s
Java analysis took 0.003068122 s
Java compile + analysis took 0.142289062 s
New invalidations:
	Set()
Initial set of included nodes: Set()
Previously invalidated, but (transitively) depend on new invalidations:
	Set()
All newly invalidated sources after taking into account (previously) recompiled sources:Set()
Copy resource mappings: 
	(/Users/apoorv/Downloads/activator-dist-1.3.10/bin/bankapi/conf/application.conf,/Users/apoorv/Downloads/activator-dist-1.3.10/bin/bankapi/target/scala-2.11/classes/application.conf)
	(/Users/apoorv/Downloads/activator-dist-1.3.10/bin/bankapi/conf/logback.xml,/Users/apoorv/Downloads/activator-dist-1.3.10/bin/bankapi/target/scala-2.11/classes/logback.xml)
	(/Users/apoorv/Downloads/activator-dist-1.3.10/bin/bankapi/conf/routes,/Users/apoorv/Downloads/activator-dist-1.3.10/bin/bankapi/target/scala-2.11/classes/routes)
Total time: 1 s, completed 19 May, 2016 9:06:47 PM
> server-post-command-cleanup
> server-handle-next-server-request
> {file:/Users/apoorv/Downloads/activator-dist-1.3.10/bin/bankapi/}root/*:playForkReload
Evaluating tasks: *:playForkReload
Running task... Cancel: sbt.server.ServerTaskCancellation@412f101a, check cycles: false

Initial source changes: 
	removed:Set()
	added: Set()
	modified: Set(/Users/apoorv/Downloads/activator-dist-1.3.10/bin/bankapi/app/controllers/BankController.java)
Removed products: Set()
External API changes: API Changes: Set()
Modified binary dependencies: Set()
Initial directly invalidated sources: Set(/Users/apoorv/Downloads/activator-dist-1.3.10/bin/bankapi/app/controllers/BankController.java)

Sources indirectly invalidated by:
	product: Set()
	binary dep: Set()
	external source: Set()
All initially invalidated sources: Set(/Users/apoorv/Downloads/activator-dist-1.3.10/bin/bankapi/app/controllers/BankController.java)

Read from stdout: Compiling 1 Java source to /Users/apoorv/Downloads/activator-dist-1.3.10/bin/bankapi/target/scala-2.11/classes...
Compiling 1 Java source to /Users/apoorv/Downloads/activator-dist-1.3.10/bin/bankapi/target/scala-2.11/classes...
Attempting to call com.sun.tools.javac.api.JavacTool@18f79a27 directly...
Java compilation took 0.17520796 s
Java analysis took 0.002784203 s
Java compile + analysis took 0.185640516 s
New invalidations:
	Set()
Initial set of included nodes: Set()
Previously invalidated, but (transitively) depend on new invalidations:
	Set()
All newly invalidated sources after taking into account (previously) recompiled sources:Set()
Copy resource mappings: 
	(/Users/apoorv/Downloads/activator-dist-1.3.10/bin/bankapi/conf/application.conf,/Users/apoorv/Downloads/activator-dist-1.3.10/bin/bankapi/target/scala-2.11/classes/application.conf)
	(/Users/apoorv/Downloads/activator-dist-1.3.10/bin/bankapi/conf/logback.xml,/Users/apoorv/Downloads/activator-dist-1.3.10/bin/bankapi/target/scala-2.11/classes/logback.xml)
	(/Users/apoorv/Downloads/activator-dist-1.3.10/bin/bankapi/conf/routes,/Users/apoorv/Downloads/activator-dist-1.3.10/bin/bankapi/target/scala-2.11/classes/routes)
Total time: 1 s, completed 19 May, 2016 9:09:02 PM
> server-post-command-cleanup
> server-handle-next-server-request
> {file:/Users/apoorv/Downloads/activator-dist-1.3.10/bin/bankapi/}root/*:playForkReload
Evaluating tasks: *:playForkReload
Running task... Cancel: sbt.server.ServerTaskCancellation@7f161d1f, check cycles: false

Initial source changes: 
	removed:Set()
	added: Set()
	modified: Set(/Users/apoorv/Downloads/activator-dist-1.3.10/bin/bankapi/app/controllers/BankController.java)
Removed products: Set()
External API changes: API Changes: Set()
Modified binary dependencies: Set()
Initial directly invalidated sources: Set(/Users/apoorv/Downloads/activator-dist-1.3.10/bin/bankapi/app/controllers/BankController.java)

Sources indirectly invalidated by:
	product: Set()
	binary dep: Set()
	external source: Set()
All initially invalidated sources: Set(/Users/apoorv/Downloads/activator-dist-1.3.10/bin/bankapi/app/controllers/BankController.java)

Read from stdout: Compiling 1 Java source to /Users/apoorv/Downloads/activator-dist-1.3.10/bin/bankapi/target/scala-2.11/classes...
Compiling 1 Java source to /Users/apoorv/Downloads/activator-dist-1.3.10/bin/bankapi/target/scala-2.11/classes...
Attempting to call com.sun.tools.javac.api.JavacTool@4a4d5c5c directly...
Java compilation took 0.152583398 s
Java analysis took 0.003071016 s
Java compile + analysis took 0.161799482 s
New invalidations:
	Set()
Initial set of included nodes: Set()
Previously invalidated, but (transitively) depend on new invalidations:
	Set()
All newly invalidated sources after taking into account (previously) recompiled sources:Set()
Copy resource mappings: 
	(/Users/apoorv/Downloads/activator-dist-1.3.10/bin/bankapi/conf/application.conf,/Users/apoorv/Downloads/activator-dist-1.3.10/bin/bankapi/target/scala-2.11/classes/application.conf)
	(/Users/apoorv/Downloads/activator-dist-1.3.10/bin/bankapi/conf/logback.xml,/Users/apoorv/Downloads/activator-dist-1.3.10/bin/bankapi/target/scala-2.11/classes/logback.xml)
	(/Users/apoorv/Downloads/activator-dist-1.3.10/bin/bankapi/conf/routes,/Users/apoorv/Downloads/activator-dist-1.3.10/bin/bankapi/target/scala-2.11/classes/routes)
Total time: 1 s, completed 19 May, 2016 9:09:23 PM
> server-post-command-cleanup
> server-handle-next-server-request
> {file:/Users/apoorv/Downloads/activator-dist-1.3.10/bin/bankapi/}root/*:playForkReload
Evaluating tasks: *:playForkReload
Running task... Cancel: sbt.server.ServerTaskCancellation@3a79d4c4, check cycles: false

Initial source changes: 
	removed:Set()
	added: Set()
	modified: Set(/Users/apoorv/Downloads/activator-dist-1.3.10/bin/bankapi/app/controllers/BankController.java)
Removed products: Set()
External API changes: API Changes: Set()
Modified binary dependencies: Set()
Initial directly invalidated sources: Set(/Users/apoorv/Downloads/activator-dist-1.3.10/bin/bankapi/app/controllers/BankController.java)

Sources indirectly invalidated by:
	product: Set()
	binary dep: Set()
	external source: Set()
All initially invalidated sources: Set(/Users/apoorv/Downloads/activator-dist-1.3.10/bin/bankapi/app/controllers/BankController.java)

Read from stdout: Compiling 1 Java source to /Users/apoorv/Downloads/activator-dist-1.3.10/bin/bankapi/target/scala-2.11/classes...
Compiling 1 Java source to /Users/apoorv/Downloads/activator-dist-1.3.10/bin/bankapi/target/scala-2.11/classes...
Attempting to call com.sun.tools.javac.api.JavacTool@5b2265eb directly...
Java compilation took 0.163829063 s
Java analysis took 0.003315764 s
Java compile + analysis took 0.172525723 s
New invalidations:
	Set()
Initial set of included nodes: Set()
Previously invalidated, but (transitively) depend on new invalidations:
	Set()
All newly invalidated sources after taking into account (previously) recompiled sources:Set()
Copy resource mappings: 
	(/Users/apoorv/Downloads/activator-dist-1.3.10/bin/bankapi/conf/application.conf,/Users/apoorv/Downloads/activator-dist-1.3.10/bin/bankapi/target/scala-2.11/classes/application.conf)
	(/Users/apoorv/Downloads/activator-dist-1.3.10/bin/bankapi/conf/logback.xml,/Users/apoorv/Downloads/activator-dist-1.3.10/bin/bankapi/target/scala-2.11/classes/logback.xml)
	(/Users/apoorv/Downloads/activator-dist-1.3.10/bin/bankapi/conf/routes,/Users/apoorv/Downloads/activator-dist-1.3.10/bin/bankapi/target/scala-2.11/classes/routes)
Total time: 1 s, completed 19 May, 2016 9:09:57 PM
> server-post-command-cleanup
> server-handle-next-server-request
> {file:/Users/apoorv/Downloads/activator-dist-1.3.10/bin/bankapi/}root/*:playForkReload
Evaluating tasks: *:playForkReload
Running task... Cancel: sbt.server.ServerTaskCancellation@7102b89d, check cycles: false

Initial source changes: 
	removed:Set()
	added: Set()
	modified: Set(/Users/apoorv/Downloads/activator-dist-1.3.10/bin/bankapi/app/controllers/BankController.java)
Removed products: Set()
External API changes: API Changes: Set()
Modified binary dependencies: Set()
Initial directly invalidated sources: Set(/Users/apoorv/Downloads/activator-dist-1.3.10/bin/bankapi/app/controllers/BankController.java)

Sources indirectly invalidated by:
	product: Set()
	binary dep: Set()
	external source: Set()
All initially invalidated sources: Set(/Users/apoorv/Downloads/activator-dist-1.3.10/bin/bankapi/app/controllers/BankController.java)

Read from stdout: Compiling 1 Java source to /Users/apoorv/Downloads/activator-dist-1.3.10/bin/bankapi/target/scala-2.11/classes...
Compiling 1 Java source to /Users/apoorv/Downloads/activator-dist-1.3.10/bin/bankapi/target/scala-2.11/classes...
Attempting to call com.sun.tools.javac.api.JavacTool@5ae8cc6a directly...
Java compilation took 0.108378194 s
Java analysis took 0.002776507 s
Java compile + analysis took 0.117683067 s
New invalidations:
	Set()
Initial set of included nodes: Set()
Previously invalidated, but (transitively) depend on new invalidations:
	Set()
All newly invalidated sources after taking into account (previously) recompiled sources:Set()
Copy resource mappings: 
	(/Users/apoorv/Downloads/activator-dist-1.3.10/bin/bankapi/conf/application.conf,/Users/apoorv/Downloads/activator-dist-1.3.10/bin/bankapi/target/scala-2.11/classes/application.conf)
	(/Users/apoorv/Downloads/activator-dist-1.3.10/bin/bankapi/conf/logback.xml,/Users/apoorv/Downloads/activator-dist-1.3.10/bin/bankapi/target/scala-2.11/classes/logback.xml)
	(/Users/apoorv/Downloads/activator-dist-1.3.10/bin/bankapi/conf/routes,/Users/apoorv/Downloads/activator-dist-1.3.10/bin/bankapi/target/scala-2.11/classes/routes)
Total time: 1 s, completed 19 May, 2016 9:11:38 PM
> server-post-command-cleanup
> server-handle-next-server-request
> {file:/Users/apoorv/Downloads/activator-dist-1.3.10/bin/bankapi/}root/*:playForkReload
Evaluating tasks: *:playForkReload
Running task... Cancel: sbt.server.ServerTaskCancellation@434dda86, check cycles: false

Initial source changes: 
	removed:Set()
	added: Set()
	modified: Set(/Users/apoorv/Downloads/activator-dist-1.3.10/bin/bankapi/app/controllers/BankController.java)
Removed products: Set()
External API changes: API Changes: Set()
Modified binary dependencies: Set()
Initial directly invalidated sources: Set(/Users/apoorv/Downloads/activator-dist-1.3.10/bin/bankapi/app/controllers/BankController.java)

Sources indirectly invalidated by:
	product: Set()
	binary dep: Set()
	external source: Set()
All initially invalidated sources: Set(/Users/apoorv/Downloads/activator-dist-1.3.10/bin/bankapi/app/controllers/BankController.java)

Read from stdout: Compiling 1 Java source to /Users/apoorv/Downloads/activator-dist-1.3.10/bin/bankapi/target/scala-2.11/classes...
Compiling 1 Java source to /Users/apoorv/Downloads/activator-dist-1.3.10/bin/bankapi/target/scala-2.11/classes...
Attempting to call com.sun.tools.javac.api.JavacTool@63b54099 directly...
Java compilation took 0.095971785 s
Java analysis took 0.003783105 s
Java compile + analysis took 0.110343638 s
New invalidations:
	Set()
Initial set of included nodes: Set()
Previously invalidated, but (transitively) depend on new invalidations:
	Set()
All newly invalidated sources after taking into account (previously) recompiled sources:Set()
Copy resource mappings: 
	(/Users/apoorv/Downloads/activator-dist-1.3.10/bin/bankapi/conf/application.conf,/Users/apoorv/Downloads/activator-dist-1.3.10/bin/bankapi/target/scala-2.11/classes/application.conf)
	(/Users/apoorv/Downloads/activator-dist-1.3.10/bin/bankapi/conf/logback.xml,/Users/apoorv/Downloads/activator-dist-1.3.10/bin/bankapi/target/scala-2.11/classes/logback.xml)
	(/Users/apoorv/Downloads/activator-dist-1.3.10/bin/bankapi/conf/routes,/Users/apoorv/Downloads/activator-dist-1.3.10/bin/bankapi/target/scala-2.11/classes/routes)
Total time: 1 s, completed 19 May, 2016 9:12:14 PM
> server-post-command-cleanup
> server-handle-next-server-request
> {file:/Users/apoorv/Downloads/activator-dist-1.3.10/bin/bankapi/}root/*:playForkReload
Evaluating tasks: *:playForkReload
Running task... Cancel: sbt.server.ServerTaskCancellation@d13492b, check cycles: false

Initial source changes: 
	removed:Set()
	added: Set()
	modified: Set(/Users/apoorv/Downloads/activator-dist-1.3.10/bin/bankapi/app/controllers/BankController.java)
Removed products: Set()
External API changes: API Changes: Set()
Modified binary dependencies: Set()
Initial directly invalidated sources: Set(/Users/apoorv/Downloads/activator-dist-1.3.10/bin/bankapi/app/controllers/BankController.java)

Sources indirectly invalidated by:
	product: Set()
	binary dep: Set()
	external source: Set()
All initially invalidated sources: Set(/Users/apoorv/Downloads/activator-dist-1.3.10/bin/bankapi/app/controllers/BankController.java)

Read from stdout: Compiling 1 Java source to /Users/apoorv/Downloads/activator-dist-1.3.10/bin/bankapi/target/scala-2.11/classes...
Compiling 1 Java source to /Users/apoorv/Downloads/activator-dist-1.3.10/bin/bankapi/target/scala-2.11/classes...
Attempting to call com.sun.tools.javac.api.JavacTool@7f9b1861 directly...
Java compilation took 0.108159237 s
Java analysis took 0.002807373 s
Java compile + analysis took 0.11763251 s
New invalidations:
	Set()
Initial set of included nodes: Set()
Previously invalidated, but (transitively) depend on new invalidations:
	Set()
All newly invalidated sources after taking into account (previously) recompiled sources:Set()
Copy resource mappings: 
	(/Users/apoorv/Downloads/activator-dist-1.3.10/bin/bankapi/conf/application.conf,/Users/apoorv/Downloads/activator-dist-1.3.10/bin/bankapi/target/scala-2.11/classes/application.conf)
	(/Users/apoorv/Downloads/activator-dist-1.3.10/bin/bankapi/conf/logback.xml,/Users/apoorv/Downloads/activator-dist-1.3.10/bin/bankapi/target/scala-2.11/classes/logback.xml)
	(/Users/apoorv/Downloads/activator-dist-1.3.10/bin/bankapi/conf/routes,/Users/apoorv/Downloads/activator-dist-1.3.10/bin/bankapi/target/scala-2.11/classes/routes)
Total time: 1 s, completed 19 May, 2016 9:13:14 PM
> server-post-command-cleanup
> server-handle-next-server-request
> {file:/Users/apoorv/Downloads/activator-dist-1.3.10/bin/bankapi/}root/*:playForkReload
Evaluating tasks: *:playForkReload
Running task... Cancel: sbt.server.ServerTaskCancellation@7451b9a9, check cycles: false

Initial source changes: 
	removed:Set()
	added: Set()
	modified: Set(/Users/apoorv/Downloads/activator-dist-1.3.10/bin/bankapi/app/controllers/BankController.java)
Removed products: Set()
External API changes: API Changes: Set()
Modified binary dependencies: Set()
Initial directly invalidated sources: Set(/Users/apoorv/Downloads/activator-dist-1.3.10/bin/bankapi/app/controllers/BankController.java)

Sources indirectly invalidated by:
	product: Set()
	binary dep: Set()
	external source: Set()
All initially invalidated sources: Set(/Users/apoorv/Downloads/activator-dist-1.3.10/bin/bankapi/app/controllers/BankController.java)

Read from stdout: Compiling 1 Java source to /Users/apoorv/Downloads/activator-dist-1.3.10/bin/bankapi/target/scala-2.11/classes...
Compiling 1 Java source to /Users/apoorv/Downloads/activator-dist-1.3.10/bin/bankapi/target/scala-2.11/classes...
Attempting to call com.sun.tools.javac.api.JavacTool@5ecc08c0 directly...
Java compilation took 0.111289189 s
Java analysis took 0.018141667 s
Java compile + analysis took 0.135688621 s
New invalidations:
	Set()
Initial set of included nodes: Set()
Previously invalidated, but (transitively) depend on new invalidations:
	Set()
All newly invalidated sources after taking into account (previously) recompiled sources:Set()
Copy resource mappings: 
	(/Users/apoorv/Downloads/activator-dist-1.3.10/bin/bankapi/conf/application.conf,/Users/apoorv/Downloads/activator-dist-1.3.10/bin/bankapi/target/scala-2.11/classes/application.conf)
	(/Users/apoorv/Downloads/activator-dist-1.3.10/bin/bankapi/conf/logback.xml,/Users/apoorv/Downloads/activator-dist-1.3.10/bin/bankapi/target/scala-2.11/classes/logback.xml)
	(/Users/apoorv/Downloads/activator-dist-1.3.10/bin/bankapi/conf/routes,/Users/apoorv/Downloads/activator-dist-1.3.10/bin/bankapi/target/scala-2.11/classes/routes)
Total time: 1 s, completed 19 May, 2016 9:13:44 PM
> server-post-command-cleanup
> server-handle-next-server-request
> {file:/Users/apoorv/Downloads/activator-dist-1.3.10/bin/bankapi/}root/*:playForkReload
Evaluating tasks: *:playForkReload
Running task... Cancel: sbt.server.ServerTaskCancellation@3928ef13, check cycles: false

Initial source changes: 
	removed:Set()
	added: Set()
	modified: Set(/Users/apoorv/Downloads/activator-dist-1.3.10/bin/bankapi/app/controllers/BankController.java)
Removed products: Set()
External API changes: API Changes: Set()
Modified binary dependencies: Set()
Initial directly invalidated sources: Set(/Users/apoorv/Downloads/activator-dist-1.3.10/bin/bankapi/app/controllers/BankController.java)

Sources indirectly invalidated by:
	product: Set()
	binary dep: Set()
	external source: Set()
All initially invalidated sources: Set(/Users/apoorv/Downloads/activator-dist-1.3.10/bin/bankapi/app/controllers/BankController.java)

Read from stdout: Compiling 1 Java source to /Users/apoorv/Downloads/activator-dist-1.3.10/bin/bankapi/target/scala-2.11/classes...
Compiling 1 Java source to /Users/apoorv/Downloads/activator-dist-1.3.10/bin/bankapi/target/scala-2.11/classes...
Attempting to call com.sun.tools.javac.api.JavacTool@352e7ef directly...
Java compilation took 0.071628755 s
Java analysis took 0.002465575 s
Java compile + analysis took 0.083974383 s
New invalidations:
	Set()
Initial set of included nodes: Set()
Previously invalidated, but (transitively) depend on new invalidations:
	Set()
All newly invalidated sources after taking into account (previously) recompiled sources:Set()
Copy resource mappings: 
	(/Users/apoorv/Downloads/activator-dist-1.3.10/bin/bankapi/conf/application.conf,/Users/apoorv/Downloads/activator-dist-1.3.10/bin/bankapi/target/scala-2.11/classes/application.conf)
	(/Users/apoorv/Downloads/activator-dist-1.3.10/bin/bankapi/conf/logback.xml,/Users/apoorv/Downloads/activator-dist-1.3.10/bin/bankapi/target/scala-2.11/classes/logback.xml)
	(/Users/apoorv/Downloads/activator-dist-1.3.10/bin/bankapi/conf/routes,/Users/apoorv/Downloads/activator-dist-1.3.10/bin/bankapi/target/scala-2.11/classes/routes)
Total time: 1 s, completed 19 May, 2016 9:15:33 PM
> server-post-command-cleanup
> server-handle-next-server-request
> {file:/Users/apoorv/Downloads/activator-dist-1.3.10/bin/bankapi/}root/*:playForkReload
Evaluating tasks: *:playForkReload
Running task... Cancel: sbt.server.ServerTaskCancellation@45fd89f7, check cycles: false

Initial source changes: 
	removed:Set()
	added: Set()
	modified: Set(/Users/apoorv/Downloads/activator-dist-1.3.10/bin/bankapi/app/controllers/BankController.java)
Removed products: Set()
External API changes: API Changes: Set()
Modified binary dependencies: Set()
Initial directly invalidated sources: Set(/Users/apoorv/Downloads/activator-dist-1.3.10/bin/bankapi/app/controllers/BankController.java)

Sources indirectly invalidated by:
	product: Set()
	binary dep: Set()
	external source: Set()
All initially invalidated sources: Set(/Users/apoorv/Downloads/activator-dist-1.3.10/bin/bankapi/app/controllers/BankController.java)

Read from stdout: Compiling 1 Java source to /Users/apoorv/Downloads/activator-dist-1.3.10/bin/bankapi/target/scala-2.11/classes...
Compiling 1 Java source to /Users/apoorv/Downloads/activator-dist-1.3.10/bin/bankapi/target/scala-2.11/classes...
Attempting to call com.sun.tools.javac.api.JavacTool@33451fc6 directly...
Java compilation took 0.206187193 s
Java analysis took 0.002650895 s
Java compile + analysis took 0.219023532 s
New invalidations:
	Set()
Initial set of included nodes: Set()
Previously invalidated, but (transitively) depend on new invalidations:
	Set()
All newly invalidated sources after taking into account (previously) recompiled sources:Set()
Copy resource mappings: 
	(/Users/apoorv/Downloads/activator-dist-1.3.10/bin/bankapi/conf/application.conf,/Users/apoorv/Downloads/activator-dist-1.3.10/bin/bankapi/target/scala-2.11/classes/application.conf)
	(/Users/apoorv/Downloads/activator-dist-1.3.10/bin/bankapi/conf/logback.xml,/Users/apoorv/Downloads/activator-dist-1.3.10/bin/bankapi/target/scala-2.11/classes/logback.xml)
	(/Users/apoorv/Downloads/activator-dist-1.3.10/bin/bankapi/conf/routes,/Users/apoorv/Downloads/activator-dist-1.3.10/bin/bankapi/target/scala-2.11/classes/routes)
Total time: 1 s, completed 19 May, 2016 9:17:25 PM
> server-post-command-cleanup
> server-handle-next-server-request
